# JRE version: OpenJDK Runtime Environment Corretto-15.0.2.7.1 (15.0.2+7) (build 15.0.2+7)
# Java VM: OpenJDK 64-Bit Server VM Corretto-15.0.2.7.1 (15.0.2+7, mixed mode, sharing, tiered, compressed oops, g1 gc, windows-amd64)
GC Precious Log:
 CPUs: 8 total, 8 available
 Memory: 8030M
 Large Page Support: Disabled
 NUMA Support: Disabled
 Compressed Oops: Enabled (32-bit)
 Heap Region Size: 1M
 Heap Min Capacity: 8M
 Heap Initial Capacity: 126M
 Heap Max Capacity: 2008M
 Pre-touch: Disabled
 Parallel Workers: 8
 Concurrent Workers: 2
 Concurrent Refinement Workers: 8
 Periodic GC: Disabled
Heap:
 garbage-first heap   total 129024K, used 23060K [0x0000000082800000, 0x0000000100000000)
  region size 1024K, 6 young (6144K), 4 survivors (4096K)
 Metaspace       used 16015K, capacity 16240K, committed 16384K, reserved 1064960K
  class space    used 1478K, capacity 1531K, committed 1536K, reserved 1048576K
GC Heap History (6 events):
Event: 1.304 GC heap before
{Heap before GC invocations=0 (full 0):
 garbage-first heap   total 129024K, used 22528K [0x0000000082800000, 0x0000000100000000)
  region size 1024K, 23 young (23552K), 0 survivors (0K)
 Metaspace       used 7485K, capacity 8451K, committed 8704K, reserved 1056768K
  class space    used 686K, capacity 765K, committed 768K, reserved 1048576K
}
Event: 1.313 GC heap after
{Heap after GC invocations=1 (full 0):
 garbage-first heap   total 129024K, used 5417K [0x0000000082800000, 0x0000000100000000)
  region size 1024K, 3 young (3072K), 3 survivors (3072K)
 Metaspace       used 7485K, capacity 8451K, committed 8704K, reserved 1056768K
  class space    used 686K, capacity 765K, committed 768K, reserved 1048576K
}
Event: 2.495 GC heap before
{Heap before GC invocations=1 (full 0):
 garbage-first heap   total 129024K, used 33065K [0x0000000082800000, 0x0000000100000000)
  region size 1024K, 30 young (30720K), 3 survivors (3072K)
 Metaspace       used 10944K, capacity 11177K, committed 11392K, reserved 1058816K
  class space    used 993K, capacity 1038K, committed 1152K, reserved 1048576K
}
Event: 2.510 GC heap after
{Heap after GC invocations=2 (full 0):
 garbage-first heap   total 129024K, used 10932K [0x0000000082800000, 0x0000000100000000)
  region size 1024K, 4 young (4096K), 4 survivors (4096K)
 Metaspace       used 10944K, capacity 11177K, committed 11392K, reserved 1058816K
  class space    used 993K, capacity 1038K, committed 1152K, reserved 1048576K
}
Event: 3.328 GC heap before
{Heap before GC invocations=2 (full 0):
 garbage-first heap   total 129024K, used 54964K [0x0000000082800000, 0x0000000100000000)
  region size 1024K, 47 young (48128K), 4 survivors (4096K)
 Metaspace       used 13101K, capacity 13257K, committed 13568K, reserved 1060864K
  class space    used 1143K, capacity 1198K, committed 1280K, reserved 1048576K
}
Event: 3.350 GC heap after
{Heap after GC invocations=3 (full 0):
 garbage-first heap   total 129024K, used 17985K [0x0000000082800000, 0x0000000100000000)
  region size 1024K, 6 young (6144K), 6 survivors (6144K)
 Metaspace       used 13101K, capacity 13257K, committed 13568K, reserved 1060864K
  class space    used 1143K, capacity 1198K, committed 1280K, reserved 1048576K
}

