<?xml version="1.0" encoding="UTF-8"?>
<!-- Generated by org.testng.reporters.JUnitXMLReporter -->
<testsuite hostname="DESKTOP-CTK12GR" ignored="0" name="Surefire test" tests="12" failures="0" timestamp="2021-09-20T20:18:35 MSK" time="136.316" errors="0">
  <testcase name="deleteTest" time="6.722" classname="model.api.ApiTest"/>
  <testcase name="getTest" time="0.858" classname="model.api.ApiTest"/>
  <testcase name="postTest" time="0.902" classname="model.api.ApiTest"/>
  <testcase name="putTest" time="0.591" classname="model.api.ApiTest"/>
  <testcase name="createNewEntryOnSite" time="11.537" classname="model.ui.HomePageTest"/>
  <testcase name="deleteEntryOnSite" time="15.543" classname="model.ui.HomePageTest"/>
  <testcase name="Login" time="5.51" classname="model.ui.LoginPageTest"/>
  <testcase name="correctLoginDataShouldBeRequired" time="7.407" classname="model.ui.LoginPageTest"/>
  <testcase name="correctLoginDataShouldBeRequired" time="22.042" classname="model.ui.LoginPageTest"/>
  <testcase name="loginDataShouldBeRequired" time="21.596" classname="model.ui.LoginPageTest"/>
  <testcase name="loginDataShouldBeRequired" time="13.666" classname="model.ui.LoginPageTest"/>
  <testcase name="logout" time="15.177" classname="model.ui.LoginPageTest"/>
</testsuite> <!-- Surefire test -->
