<?xml version="1.0" encoding="UTF-8"?>
<!-- Generated by org.testng.reporters.JUnitXMLReporter -->
<testsuite hostname="DESKTOP-CTK12GR" ignored="0" name="Surefire test" tests="12" failures="0" timestamp="2021-10-05T15:33:17 MSK" time="123.673" errors="0">
  <testcase name="deleteTest" time="6.528" classname="api.ApiTest"/>
  <testcase name="getTest" time="0.304" classname="api.ApiTest"/>
  <testcase name="postTest" time="0.938" classname="api.ApiTest"/>
  <testcase name="putTest" time="0.438" classname="api.ApiTest"/>
  <testcase name="createNewEntryOnSite" time="13.276" classname="ui.HomePageTest"/>
  <testcase name="deleteEntryOnSite" time="9.332" classname="ui.HomePageTest"/>
  <testcase name="Login" time="9.089" classname="ui.LoginPageTest"/>
  <testcase name="correctLoginDataShouldBeRequired" time="9.345" classname="ui.LoginPageTest"/>
  <testcase name="correctLoginDataShouldBeRequired" time="8.968" classname="ui.LoginPageTest"/>
  <testcase name="loginDataShouldBeRequired" time="9.089" classname="ui.LoginPageTest"/>
  <testcase name="loginDataShouldBeRequired" time="9.444" classname="ui.LoginPageTest"/>
  <testcase name="logout" time="9.76" classname="ui.LoginPageTest"/>
</testsuite> <!-- Surefire test -->
