<?xml version="1.0" encoding="UTF-8"?>
<testsuite xmlns:xsi="http://www.w3.org/2001/XMLSchema-instance" xsi:noNamespaceSchemaLocation="https://maven.apache.org/surefire/maven-surefire-plugin/xsd/surefire-test-report-3.0.xsd" version="3.0" name="TestSuite" time="136.816" tests="12" errors="0" skipped="0" failures="0">
  <properties>
[...]
</properties>
  <testcase name="deleteTest" classname="api.ApiTest" time="6.612">
    <system-out><![CDATA[HTTP/1.1 200 OK
Date: Wed, 06 Oct 2021 17:33:44 GMT
Content-Type: application/json; charset=utf-8
Content-Length: 2
Connection: keep-alive
x-powered-by: Express
x-ratelimit-limit: 1000
x-ratelimit-remaining: 999
x-ratelimit-reset: 1633541643
vary: Origin, Accept-Encoding
access-control-allow-credentials: true
cache-control: no-cache
pragma: no-cache
expires: -1
x-content-type-options: nosniff
etag: W/"2-vyGp6PvFo4RvsFtPoIWeCReyIC8"
via: 1.1 vegur
CF-Cache-Status: DYNAMIC
Report-To: {"endpoints":[{"url":"https:\/\/a.nel.cloudflare.com\/report\/v3?s=lgp9Y7goVOJHh8TjhBnbgIAs742JWUTVgQX8XiALNz1rwQiCB7oMW0%2FrqD%2BQSwcFMMsFRLa1CTLxATgIzBvzETF30IGbQDleLxpUGT4pwAuq3hWfE0%2B%2F%2Bi0XX6na6cSEJqJqGcq%2BL0homjKfE8QG"}],"group":"cf-nel","max_age":604800}
NEL: {"success_fraction":0,"report_to":"cf-nel","max_age":604800}
Server: cloudflare
CF-RAY: 69a0a2f22a412151-DUS
alt-svc: h3=":443"; ma=86400, h3-29=":443"; ma=86400, h3-28=":443"; ma=86400, h3-27=":443"; ma=86400

{
    
}
]]></system-out>
    <system-err><![CDATA[SLF4J: Failed to load class "org.slf4j.impl.StaticLoggerBinder".
SLF4J: Defaulting to no-operation (NOP) logger implementation
SLF4J: See http://www.slf4j.org/codes.html#StaticLoggerBinder for further details.
]]></system-err>
  </testcase>
  <testcase name="getTest" classname="api.ApiTest" time="0.422">
    <system-out><![CDATA[HTTP/1.1 200 OK
Date: Wed, 06 Oct 2021 17:33:45 GMT
Content-Type: application/json; charset=utf-8
Transfer-Encoding: chunked
Connection: keep-alive
x-powered-by: Express
x-ratelimit-limit: 1000
x-ratelimit-remaining: 999
x-ratelimit-reset: 1632945110
vary: Origin, Accept-Encoding
access-control-allow-credentials: true
cache-control: max-age=43200
pragma: no-cache
expires: -1
x-content-type-options: nosniff
etag: W/"f6-mPDZopc4bkupX1TAvUQz4Bpbp5s"
via: 1.1 vegur
CF-Cache-Status: HIT
Age: 9717
Report-To: {"endpoints":[{"url":"https:\/\/a.nel.cloudflare.com\/report\/v3?s=2el9kj9Txp%2FVj2E%2FkavTytNJBv5BRy0GHs0U0oK52EaeYRwwsdhqNbrgQX4ou7kvphS3N8cfoKtgmckvAPj7iApudPNH7zup0AaV001CisJNjtrV9PwTq%2B4vb8iodCO1JIE9O4AkSaS8fBDb3ajM"}],"group":"cf-nel","max_age":604800}
NEL: {"success_fraction":0,"report_to":"cf-nel","max_age":604800}
Server: cloudflare
CF-RAY: 69a0a2fa4d3b6491-FRA
Content-Encoding: gzip
alt-svc: h3=":443"; ma=86400, h3-29=":443"; ma=86400, h3-28=":443"; ma=86400, h3-27=":443"; ma=86400

{
    "userId": 1,
    "id": 9,
    "title": "nesciunt iure omnis dolorem tempora et accusantium",
    "body": "consectetur animi nesciunt iure dolore\nenim quia ad\nveniam autem ut quam aut nobis\net est aut quod aut provident voluptas autem voluptas"
}
]]></system-out>
  </testcase>
  <testcase name="postTest" classname="api.ApiTest" time="0.375">
    <system-out><![CDATA[HTTP/1.1 201 Created
Date: Wed, 06 Oct 2021 17:33:46 GMT
Content-Type: application/json; charset=utf-8
Content-Length: 15
Connection: keep-alive
x-powered-by: Express
x-ratelimit-limit: 1000
x-ratelimit-remaining: 998
x-ratelimit-reset: 1633541643
vary: Origin, X-HTTP-Method-Override, Accept-Encoding
access-control-allow-credentials: true
cache-control: no-cache
pragma: no-cache
expires: -1
access-control-expose-headers: Location
location: http://jsonplaceholder.typicode.com/posts/101
x-content-type-options: nosniff
etag: W/"f-4jjw4Y8q22Yv1PV9m28FczJgjzk"
via: 1.1 vegur
CF-Cache-Status: DYNAMIC
Report-To: {"endpoints":[{"url":"https:\/\/a.nel.cloudflare.com\/report\/v3?s=CzHNFIWcMHDhwRS0EhSa79a8gJ7dtZKpRjy82l3oFHmGTf1gAoLqGvXn%2BsKJNfBmPZHNX9mBstJKiaivaLMahT0ImuaTj1E3gAhS%2B%2FDArSVWI%2FKSF9uG0zHsF7piNDDgMjLSQbaOduqjjmuJllzZ"}],"group":"cf-nel","max_age":604800}
NEL: {"success_fraction":0,"report_to":"cf-nel","max_age":604800}
Server: cloudflare
CF-RAY: 69a0a2fc19ab42e1-FRA
alt-svc: h3=":443"; ma=86400, h3-29=":443"; ma=86400, h3-28=":443"; ma=86400, h3-27=":443"; ma=86400

{
    "id": 101
}
]]></system-out>
  </testcase>
  <testcase name="putTest" classname="api.ApiTest" time="0.359">
    <system-out><![CDATA[HTTP/1.1 200 OK
Date: Wed, 06 Oct 2021 17:33:46 GMT
Content-Type: application/json; charset=utf-8
Content-Length: 13
Connection: keep-alive
x-powered-by: Express
x-ratelimit-limit: 1000
x-ratelimit-remaining: 997
x-ratelimit-reset: 1633541643
vary: Origin, Accept-Encoding
access-control-allow-credentials: true
cache-control: no-cache
pragma: no-cache
expires: -1
x-content-type-options: nosniff
etag: W/"d-p13Thq1mbIznE8TsFv4BmW8SRpg"
via: 1.1 vegur
CF-Cache-Status: DYNAMIC
Report-To: {"endpoints":[{"url":"https:\/\/a.nel.cloudflare.com\/report\/v3?s=VdKrcyNbNk%2FBd9W6ubF%2FEvli7QgVb2Lvx5PbSm56iHGfrzsWdppUSDABzJqJKbBOzb%2BRACtuxuU%2FFt%2BtPvwX3NEh4MAQ86CbEGH36Me7GIEc4Y9HjaVfc%2B1YtkrTPtZAGmXIPqayRZ2j9ugSBBSz"}],"group":"cf-nel","max_age":604800}
NEL: {"success_fraction":0,"report_to":"cf-nel","max_age":604800}
Server: cloudflare
CF-RAY: 69a0a2fe3951fa58-AMS
alt-svc: h3=":443"; ma=86400, h3-29=":443"; ma=86400, h3-28=":443"; ma=86400, h3-27=":443"; ma=86400

{
    "id": 1
}
]]></system-out>
  </testcase>
  <testcase name="createNewEntryOnSite" classname="ui.HomePageTest" time="14.911">
    <system-out><![CDATA[Monkkee-feedback window found and closed!!!
]]></system-out>
    <system-err><![CDATA[Starting ChromeDriver 94.0.4606.61 (418b78f5838ed0b1c69bb4e51ea0252171854915-refs/branch-heads/4606@{#1204}) on port 38461
Only local connections are allowed.
Please see https://chromedriver.chromium.org/security-considerations for suggestions on keeping ChromeDriver safe.
ChromeDriver was started successfully.
окт 06, 2021 8:33:49 PM org.openqa.selenium.remote.ProtocolHandshake createSession
INFO: Detected dialect: W3C
]]></system-err>
  </testcase>
  <testcase name="deleteEntryOnSite" classname="ui.HomePageTest" time="9.294">
    <system-out><![CDATA[Monkkee-feedback window not found
]]></system-out>
    <system-err><![CDATA[Starting ChromeDriver 94.0.4606.61 (418b78f5838ed0b1c69bb4e51ea0252171854915-refs/branch-heads/4606@{#1204}) on port 42478
Only local connections are allowed.
Please see https://chromedriver.chromium.org/security-considerations for suggestions on keeping ChromeDriver safe.
ChromeDriver was started successfully.
окт 06, 2021 8:34:12 PM org.openqa.selenium.remote.ProtocolHandshake createSession
INFO: Detected dialect: W3C
]]></system-err>
  </testcase>
  <testcase name="Login" classname="ui.LoginPageTest" time="9.834">
    <system-out><![CDATA[Monkkee-feedback window not found
]]></system-out>
    <system-err><![CDATA[Starting ChromeDriver 94.0.4606.61 (418b78f5838ed0b1c69bb4e51ea0252171854915-refs/branch-heads/4606@{#1204}) on port 29806
Only local connections are allowed.
Please see https://chromedriver.chromium.org/security-considerations for suggestions on keeping ChromeDriver safe.
ChromeDriver was started successfully.
окт 06, 2021 8:34:22 PM org.openqa.selenium.remote.ProtocolHandshake createSession
INFO: Detected dialect: W3C
]]></system-err>
  </testcase>
  <testcase name="correctLoginDataShouldBeRequired[valarfess@gmail.com, wrong_password, Login failed](1)" classname="ui.LoginPageTest" time="11.233">
    <system-out><![CDATA[Monkkee-feedback window not found
]]></system-out>
    <system-err><![CDATA[Starting ChromeDriver 94.0.4606.61 (418b78f5838ed0b1c69bb4e51ea0252171854915-refs/branch-heads/4606@{#1204}) on port 47277
Only local connections are allowed.
Please see https://chromedriver.chromium.org/security-considerations for suggestions on keeping ChromeDriver safe.
ChromeDriver was started successfully.
окт 06, 2021 8:34:38 PM org.openqa.selenium.remote.ProtocolHandshake createSession
INFO: Detected dialect: W3C
]]></system-err>
  </testcase>
  <testcase name="correctLoginDataShouldBeRequired[wrong_user, Valar211922, Login failed](2)" classname="ui.LoginPageTest" time="9.598">
    <system-out><![CDATA[Monkkee-feedback window not found
]]></system-out>
    <system-err><![CDATA[Starting ChromeDriver 94.0.4606.61 (418b78f5838ed0b1c69bb4e51ea0252171854915-refs/branch-heads/4606@{#1204}) on port 28063
Only local connections are allowed.
Please see https://chromedriver.chromium.org/security-considerations for suggestions on keeping ChromeDriver safe.
ChromeDriver was started successfully.
окт 06, 2021 8:34:55 PM org.openqa.selenium.remote.ProtocolHandshake createSession
INFO: Detected dialect: W3C
]]></system-err>
  </testcase>
  <testcase name="loginDataShouldBeRequired[, Valar211922, Mandatory field](1)" classname="ui.LoginPageTest" time="11.075">
    <system-out><![CDATA[Monkkee-feedback window not found
]]></system-out>
    <system-err><![CDATA[Starting ChromeDriver 94.0.4606.61 (418b78f5838ed0b1c69bb4e51ea0252171854915-refs/branch-heads/4606@{#1204}) on port 11789
Only local connections are allowed.
Please see https://chromedriver.chromium.org/security-considerations for suggestions on keeping ChromeDriver safe.
ChromeDriver was started successfully.
окт 06, 2021 8:35:10 PM org.openqa.selenium.remote.ProtocolHandshake createSession
INFO: Detected dialect: W3C
]]></system-err>
  </testcase>
  <testcase name="loginDataShouldBeRequired[valarfess@gmail.com, , Mandatory field](2)" classname="ui.LoginPageTest" time="10.712">
    <system-out><![CDATA[Monkkee-feedback window not found
]]></system-out>
    <system-err><![CDATA[Starting ChromeDriver 94.0.4606.61 (418b78f5838ed0b1c69bb4e51ea0252171854915-refs/branch-heads/4606@{#1204}) on port 38990
Only local connections are allowed.
Please see https://chromedriver.chromium.org/security-considerations for suggestions on keeping ChromeDriver safe.
ChromeDriver was started successfully.
окт 06, 2021 8:35:26 PM org.openqa.selenium.remote.ProtocolHandshake createSession
INFO: Detected dialect: W3C
]]></system-err>
  </testcase>
  <testcase name="logout" classname="ui.LoginPageTest" time="9.468">
    <system-out><![CDATA[Monkkee-feedback window not found
]]></system-out>
    <system-err><![CDATA[Starting ChromeDriver 94.0.4606.61 (418b78f5838ed0b1c69bb4e51ea0252171854915-refs/branch-heads/4606@{#1204}) on port 32092
Only local connections are allowed.
Please see https://chromedriver.chromium.org/security-considerations for suggestions on keeping ChromeDriver safe.
ChromeDriver was started successfully.
окт 06, 2021 8:35:43 PM org.openqa.selenium.remote.ProtocolHandshake createSession
INFO: Detected dialect: W3C
]]></system-err>
  </testcase>
</testsuite>