<?xml version="1.0" encoding="UTF-8"?>
<testng-results skipped="0" failed="0" ignored="0" total="12" passed="12">
  <reporter-output>
  </reporter-output>
  <suite name="Surefire suite" duration-ms="132583" started-at="2021-09-28T14:36:18 MSK" finished-at="2021-09-28T14:38:30 MSK">
    <groups>
      <group name="negative">
        <method signature="LoginPageTest.correctLoginDataShouldBeRequired(java.lang.String, java.lang.String, java.lang.String)[pri:0, instance:model.ui.LoginPageTest@63fd4873]" name="correctLoginDataShouldBeRequired" class="model.ui.LoginPageTest"/>
      </group> <!-- negative -->
      <group name="regression">
        <method signature="LoginPageTest.loginDataShouldBeRequired(java.lang.String, java.lang.String, java.lang.String)[pri:0, instance:model.ui.LoginPageTest@63fd4873]" name="loginDataShouldBeRequired" class="model.ui.LoginPageTest"/>
      </group> <!-- regression -->
      <group name="smoke">
        <method signature="LoginPageTest.Login()[pri:0, instance:model.ui.LoginPageTest@63fd4873]" name="Login" class="model.ui.LoginPageTest"/>
      </group> <!-- smoke -->
    </groups>
    <test name="Surefire test" duration-ms="132583" started-at="2021-09-28T14:36:18 MSK" finished-at="2021-09-28T14:38:30 MSK">
      <class name="model.ui.LoginPageTest">
        <test-method status="PASS" signature="setUP()[pri:0, instance:model.ui.LoginPageTest@63fd4873]" name="setUP" is-config="true" duration-ms="1612" started-at="2021-09-28T14:36:58 MSK" finished-at="2021-09-28T14:37:00 MSK">
          <reporter-output>
          </reporter-output>
        </test-method> <!-- setUP -->
        <test-method status="PASS" signature="Login()[pri:0, instance:model.ui.LoginPageTest@63fd4873]" name="Login" duration-ms="10313" started-at="2021-09-28T14:37:00 MSK" description="Successful login" finished-at="2021-09-28T14:37:10 MSK">
          <reporter-output>
          </reporter-output>
        </test-method> <!-- Login -->
        <test-method status="PASS" signature="exit()[pri:0, instance:model.ui.LoginPageTest@63fd4873]" name="exit" is-config="true" duration-ms="4157" started-at="2021-09-28T14:37:10 MSK" finished-at="2021-09-28T14:37:14 MSK">
          <reporter-output>
          </reporter-output>
        </test-method> <!-- exit -->
        <test-method status="PASS" signature="setUP()[pri:0, instance:model.ui.LoginPageTest@63fd4873]" name="setUP" is-config="true" duration-ms="1241" started-at="2021-09-28T14:37:14 MSK" finished-at="2021-09-28T14:37:15 MSK">
          <reporter-output>
          </reporter-output>
        </test-method> <!-- setUP -->
        <test-method status="PASS" signature="correctLoginDataShouldBeRequired(java.lang.String, java.lang.String, java.lang.String)[pri:0, instance:model.ui.LoginPageTest@63fd4873]" name="correctLoginDataShouldBeRequired" duration-ms="10704" started-at="2021-09-28T14:37:15 MSK" data-provider="Wrong Login Data" finished-at="2021-09-28T14:37:26 MSK">
          <params>
            <param index="0">
              <value>
                <![CDATA[valarfess@gmail.com]]>
              </value>
            </param>
            <param index="1">
              <value>
                <![CDATA[wrong_password]]>
              </value>
            </param>
            <param index="2">
              <value>
                <![CDATA[Login failed]]>
              </value>
            </param>
          </params>
          <reporter-output>
          </reporter-output>
        </test-method> <!-- correctLoginDataShouldBeRequired -->
        <test-method status="PASS" signature="exit()[pri:0, instance:model.ui.LoginPageTest@63fd4873]" name="exit" is-config="true" duration-ms="4159" started-at="2021-09-28T14:37:26 MSK" finished-at="2021-09-28T14:37:30 MSK">
          <reporter-output>
          </reporter-output>
        </test-method> <!-- exit -->
        <test-method status="PASS" signature="setUP()[pri:0, instance:model.ui.LoginPageTest@63fd4873]" name="setUP" is-config="true" duration-ms="1231" started-at="2021-09-28T14:37:30 MSK" finished-at="2021-09-28T14:37:32 MSK">
          <reporter-output>
          </reporter-output>
        </test-method> <!-- setUP -->
        <test-method status="PASS" signature="correctLoginDataShouldBeRequired(java.lang.String, java.lang.String, java.lang.String)[pri:0, instance:model.ui.LoginPageTest@63fd4873]" name="correctLoginDataShouldBeRequired" duration-ms="10675" started-at="2021-09-28T14:37:32 MSK" data-provider="Wrong Login Data" finished-at="2021-09-28T14:37:42 MSK">
          <params>
            <param index="0">
              <value>
                <![CDATA[wrong_user]]>
              </value>
            </param>
            <param index="1">
              <value>
                <![CDATA[Valar211922]]>
              </value>
            </param>
            <param index="2">
              <value>
                <![CDATA[Login failed]]>
              </value>
            </param>
          </params>
          <reporter-output>
          </reporter-output>
        </test-method> <!-- correctLoginDataShouldBeRequired -->
        <test-method status="PASS" signature="exit()[pri:0, instance:model.ui.LoginPageTest@63fd4873]" name="exit" is-config="true" duration-ms="4165" started-at="2021-09-28T14:37:42 MSK" finished-at="2021-09-28T14:37:46 MSK">
          <reporter-output>
          </reporter-output>
        </test-method> <!-- exit -->
        <test-method status="PASS" signature="setUP()[pri:0, instance:model.ui.LoginPageTest@63fd4873]" name="setUP" is-config="true" duration-ms="1232" started-at="2021-09-28T14:37:46 MSK" finished-at="2021-09-28T14:37:48 MSK">
          <reporter-output>
          </reporter-output>
        </test-method> <!-- setUP -->
        <test-method status="PASS" signature="loginDataShouldBeRequired(java.lang.String, java.lang.String, java.lang.String)[pri:0, instance:model.ui.LoginPageTest@63fd4873]" name="loginDataShouldBeRequired" duration-ms="10187" started-at="2021-09-28T14:37:48 MSK" data-provider="Empty Login Data" finished-at="2021-09-28T14:37:58 MSK">
          <params>
            <param index="0">
              <value>
                <![CDATA[]]>
              </value>
            </param>
            <param index="1">
              <value>
                <![CDATA[Valar211922]]>
              </value>
            </param>
            <param index="2">
              <value>
                <![CDATA[Mandatory field]]>
              </value>
            </param>
          </params>
          <reporter-output>
          </reporter-output>
        </test-method> <!-- loginDataShouldBeRequired -->
        <test-method status="PASS" signature="exit()[pri:0, instance:model.ui.LoginPageTest@63fd4873]" name="exit" is-config="true" duration-ms="4152" started-at="2021-09-28T14:37:58 MSK" finished-at="2021-09-28T14:38:02 MSK">
          <reporter-output>
          </reporter-output>
        </test-method> <!-- exit -->
        <test-method status="PASS" signature="setUP()[pri:0, instance:model.ui.LoginPageTest@63fd4873]" name="setUP" is-config="true" duration-ms="1223" started-at="2021-09-28T14:38:02 MSK" finished-at="2021-09-28T14:38:03 MSK">
          <reporter-output>
          </reporter-output>
        </test-method> <!-- setUP -->
        <test-method status="PASS" signature="loginDataShouldBeRequired(java.lang.String, java.lang.String, java.lang.String)[pri:0, instance:model.ui.LoginPageTest@63fd4873]" name="loginDataShouldBeRequired" duration-ms="10283" started-at="2021-09-28T14:38:03 MSK" data-provider="Empty Login Data" finished-at="2021-09-28T14:38:13 MSK">
          <params>
            <param index="0">
              <value>
                <![CDATA[valarfess@gmail.com]]>
              </value>
            </param>
            <param index="1">
              <value>
                <![CDATA[]]>
              </value>
            </param>
            <param index="2">
              <value>
                <![CDATA[Mandatory field]]>
              </value>
            </param>
          </params>
          <reporter-output>
          </reporter-output>
        </test-method> <!-- loginDataShouldBeRequired -->
        <test-method status="PASS" signature="exit()[pri:0, instance:model.ui.LoginPageTest@63fd4873]" name="exit" is-config="true" duration-ms="4180" started-at="2021-09-28T14:38:13 MSK" finished-at="2021-09-28T14:38:18 MSK">
          <reporter-output>
          </reporter-output>
        </test-method> <!-- exit -->
        <test-method status="PASS" signature="setUP()[pri:0, instance:model.ui.LoginPageTest@63fd4873]" name="setUP" is-config="true" duration-ms="1212" started-at="2021-09-28T14:38:18 MSK" finished-at="2021-09-28T14:38:19 MSK">
          <reporter-output>
          </reporter-output>
        </test-method> <!-- setUP -->
        <test-method status="PASS" signature="logout()[pri:0, instance:model.ui.LoginPageTest@63fd4873]" name="logout" duration-ms="11404" started-at="2021-09-28T14:38:19 MSK" finished-at="2021-09-28T14:38:30 MSK">
          <reporter-output>
          </reporter-output>
        </test-method> <!-- logout -->
        <test-method status="PASS" signature="exit()[pri:0, instance:model.ui.LoginPageTest@63fd4873]" name="exit" is-config="true" duration-ms="79" started-at="2021-09-28T14:38:30 MSK" finished-at="2021-09-28T14:38:30 MSK">
          <reporter-output>
          </reporter-output>
        </test-method> <!-- exit -->
      </class> <!-- model.ui.LoginPageTest -->
      <class name="model.ui.HomePageTest">
        <test-method status="PASS" signature="setUP()[pri:0, instance:model.ui.HomePageTest@24f43aa3]" name="setUP" is-config="true" duration-ms="4903" started-at="2021-09-28T14:36:26 MSK" finished-at="2021-09-28T14:36:31 MSK">
          <reporter-output>
          </reporter-output>
        </test-method> <!-- setUP -->
        <test-method status="PASS" signature="createNewEntryOnSite()[pri:0, instance:model.ui.HomePageTest@24f43aa3]" name="createNewEntryOnSite" duration-ms="14760" started-at="2021-09-28T14:36:31 MSK" finished-at="2021-09-28T14:36:46 MSK">
          <reporter-output>
          </reporter-output>
        </test-method> <!-- createNewEntryOnSite -->
        <test-method status="PASS" signature="exit()[pri:0, instance:model.ui.HomePageTest@24f43aa3]" name="exit" is-config="true" duration-ms="90" started-at="2021-09-28T14:36:46 MSK" finished-at="2021-09-28T14:36:46 MSK">
          <reporter-output>
          </reporter-output>
        </test-method> <!-- exit -->
        <test-method status="PASS" signature="setUP()[pri:0, instance:model.ui.HomePageTest@24f43aa3]" name="setUP" is-config="true" duration-ms="1344" started-at="2021-09-28T14:36:46 MSK" finished-at="2021-09-28T14:36:47 MSK">
          <reporter-output>
          </reporter-output>
        </test-method> <!-- setUP -->
        <test-method status="PASS" signature="deleteEntryOnSite()[pri:0, instance:model.ui.HomePageTest@24f43aa3]" name="deleteEntryOnSite" duration-ms="10574" started-at="2021-09-28T14:36:47 MSK" finished-at="2021-09-28T14:36:58 MSK">
          <reporter-output>
          </reporter-output>
        </test-method> <!-- deleteEntryOnSite -->
        <test-method status="PASS" signature="exit()[pri:0, instance:model.ui.HomePageTest@24f43aa3]" name="exit" is-config="true" duration-ms="106" started-at="2021-09-28T14:36:58 MSK" finished-at="2021-09-28T14:36:58 MSK">
          <reporter-output>
          </reporter-output>
        </test-method> <!-- exit -->
      </class> <!-- model.ui.HomePageTest -->
      <class name="model.api.ApiTest">
        <test-method status="PASS" signature="deleteTest()[pri:0, instance:model.api.ApiTest@2ef8a8c3]" name="deleteTest" duration-ms="6332" started-at="2021-09-28T14:36:18 MSK" finished-at="2021-09-28T14:36:24 MSK">
          <reporter-output>
          </reporter-output>
        </test-method> <!-- deleteTest -->
        <test-method status="PASS" signature="getTest()[pri:0, instance:model.api.ApiTest@2ef8a8c3]" name="getTest" duration-ms="388" started-at="2021-09-28T14:36:24 MSK" finished-at="2021-09-28T14:36:25 MSK">
          <reporter-output>
          </reporter-output>
        </test-method> <!-- getTest -->
        <test-method status="PASS" signature="postTest()[pri:0, instance:model.api.ApiTest@2ef8a8c3]" name="postTest" duration-ms="979" started-at="2021-09-28T14:36:25 MSK" finished-at="2021-09-28T14:36:26 MSK">
          <reporter-output>
          </reporter-output>
        </test-method> <!-- postTest -->
        <test-method status="PASS" signature="putTest()[pri:0, instance:model.api.ApiTest@2ef8a8c3]" name="putTest" duration-ms="497" started-at="2021-09-28T14:36:26 MSK" finished-at="2021-09-28T14:36:26 MSK">
          <reporter-output>
          </reporter-output>
        </test-method> <!-- putTest -->
      </class> <!-- model.api.ApiTest -->
    </test> <!-- Surefire test -->
  </suite> <!-- Surefire suite -->
</testng-results>
